###############################################################################
#                                                                             #
#                                                       21/Sep/2012  08:53:18 #
# IAR ANSI C/C++ Compiler V6.40.2.23884/W32 EVALUATION for ARM                #
# Copyright 1999-2012 IAR Systems AB.                                         #
#                                                                             #
#    Cpu mode     =  thumb                                                    #
#    Endian       =  little                                                   #
#    Source file  =  C:\Documents and Settings\kk\桌面\kinetis_sc\src\common\ #
#                    io.c                                                     #
#    Command line =  "C:\Documents and Settings\kk\桌面\kinetis_sc\src\common #
#                    \io.c" -D IAR -D TOWER -D TWR_K20D50M -lCN               #
#                    "C:\Documents and Settings\kk\桌面\kinetis_sc\build\iar\ #
#                    hello_world\FLASH_128KB_PFLASH\List\" -lB "C:\Documents  #
#                    and Settings\kk\桌面\kinetis_sc\build\iar\hello_world\FL #
#                    ASH_128KB_PFLASH\List\" -o "C:\Documents and             #
#                    Settings\kk\桌面\kinetis_sc\build\iar\hello_world\FLASH_ #
#                    128KB_PFLASH\Obj\" --no_cse --no_unroll --no_inline      #
#                    --no_code_motion --no_tbaa --no_clustering               #
#                    --no_scheduling --debug --endian=little --cpu=Cortex-M4  #
#                    -e --fpu=None --dlib_config "C:\Program Files\IAR        #
#                    Systems\Embedded Workbench 6.4                           #
#                    Evaluation\arm\INC\c\DLib_Config_Full.h" -I              #
#                    "C:\Documents and Settings\kk\桌面\kinetis_sc\build\iar\ #
#                    hello_world\..\..\..\src\projects\hello_world\" -I       #
#                    "C:\Documents and Settings\kk\桌面\kinetis_sc\build\iar\ #
#                    hello_world\..\..\..\src\common\" -I "C:\Documents and   #
#                    Settings\kk\桌面\kinetis_sc\build\iar\hello_world\..\..\ #
#                    ..\src\cpu\" -I "C:\Documents and                        #
#                    Settings\kk\桌面\kinetis_sc\build\iar\hello_world\..\..\ #
#                    ..\src\cpu\headers\" -I "C:\Documents and                #
#                    Settings\kk\桌面\kinetis_sc\build\iar\hello_world\..\..\ #
#                    ..\src\drivers\uart\" -I "C:\Documents and               #
#                    Settings\kk\桌面\kinetis_sc\build\iar\hello_world\..\..\ #
#                    ..\src\drivers\mcg\" -I "C:\Documents and                #
#                    Settings\kk\桌面\kinetis_sc\build\iar\hello_world\..\..\ #
#                    ..\src\drivers\wdog\" -I "C:\Documents and               #
#                    Settings\kk\桌面\kinetis_sc\build\iar\hello_world\..\..\ #
#                    ..\src\drivers\rcm\" -I "C:\Documents and                #
#                    Settings\kk\桌面\kinetis_sc\build\iar\hello_world\..\..\ #
#                    ..\src\drivers\rtc\" -I "C:\Documents and                #
#                    Settings\kk\桌面\kinetis_sc\build\iar\hello_world\..\..\ #
#                    ..\src\drivers\smc\" -I "C:\Documents and                #
#                    Settings\kk\桌面\kinetis_sc\build\iar\hello_world\..\..\ #
#                    ..\src\drivers\llwu\" -I "C:\Documents and               #
#                    Settings\kk\桌面\kinetis_sc\build\iar\hello_world\..\..\ #
#                    ..\src\drivers\lptmr\" -I "C:\Documents and              #
#                    Settings\kk\桌面\kinetis_sc\build\iar\hello_world\..\..\ #
#                    ..\src\drivers\pmc\" -I "C:\Documents and                #
#                    Settings\kk\桌面\kinetis_sc\build\iar\hello_world\..\..\ #
#                    ..\src\platforms\" -I "C:\Documents and                  #
#                    Settings\kk\桌面\kinetis_sc\build\iar\hello_world\..\"   #
#                    -On --ropi --use_c++_inline -I "C:\Program Files\IAR     #
#                    Systems\Embedded Workbench 6.4                           #
#                    Evaluation\arm\CMSIS\Include\" -D ARM_MATH_CM4           #
#    List file    =  C:\Documents and Settings\kk\桌面\kinetis_sc\build\iar\h #
#                    ello_world\FLASH_128KB_PFLASH\List\io.lst                #
#    Object file  =  C:\Documents and Settings\kk\桌面\kinetis_sc\build\iar\h #
#                    ello_world\FLASH_128KB_PFLASH\Obj\io.o                   #
#                                                                             #
#                                                                             #
###############################################################################

C:\Documents and Settings\kk\桌面\kinetis_sc\src\common\io.c
      1          /*
      2           * File:		io.c
      3           * Purpose:		Serial Input/Output routines
      4           *
      5           * Notes:       TERMINAL_PORT defined in <board>.h
      6           */
      7          
      8          #include "common.h"
      9          #include "uart.h"
     10          
     11          /*
     12          
     13          char
     14          in_char (void)
     15          {
     16          	return uart_getchar(TERM_PORT);
     17          }
     18          
     19          void
     20          out_char (char ch)
     21          {
     22          	uart_putchar(TERM_PORT, ch);
     23          }
     24          */
     25          
     26          /********************************************************************/
     27          int
     28          char_present (void)
     29          {
     30          	return uart_getchar_present(TERM_PORT);
     31          }
     32          /********************************************************************/

Errors: 1
Warnings: none
