###############################################################################
#                                                                             #
#                                                       21/Sep/2012  08:53:20 #
# IAR ANSI C/C++ Compiler V6.40.2.23884/W32 EVALUATION for ARM                #
# Copyright 1999-2012 IAR Systems AB.                                         #
#                                                                             #
#    Cpu mode     =  thumb                                                    #
#    Endian       =  little                                                   #
#    Source file  =  C:\Documents and Settings\kk\桌面\kinetis_sc\src\drivers #
#                    \wdog\wdog.c                                             #
#    Command line =  "C:\Documents and Settings\kk\桌面\kinetis_sc\src\driver #
#                    s\wdog\wdog.c" -D IAR -D TOWER -D TWR_K20D50M -lCN       #
#                    "C:\Documents and Settings\kk\桌面\kinetis_sc\build\iar\ #
#                    hello_world\FLASH_128KB_PFLASH\List\" -lB "C:\Documents  #
#                    and Settings\kk\桌面\kinetis_sc\build\iar\hello_world\FL #
#                    ASH_128KB_PFLASH\List\" -o "C:\Documents and             #
#                    Settings\kk\桌面\kinetis_sc\build\iar\hello_world\FLASH_ #
#                    128KB_PFLASH\Obj\" --no_cse --no_unroll --no_inline      #
#                    --no_code_motion --no_tbaa --no_clustering               #
#                    --no_scheduling --debug --endian=little --cpu=Cortex-M4  #
#                    -e --fpu=None --dlib_config "C:\Program Files\IAR        #
#                    Systems\Embedded Workbench 6.4                           #
#                    Evaluation\arm\INC\c\DLib_Config_Full.h" -I              #
#                    "C:\Documents and Settings\kk\桌面\kinetis_sc\build\iar\ #
#                    hello_world\..\..\..\src\projects\hello_world\" -I       #
#                    "C:\Documents and Settings\kk\桌面\kinetis_sc\build\iar\ #
#                    hello_world\..\..\..\src\common\" -I "C:\Documents and   #
#                    Settings\kk\桌面\kinetis_sc\build\iar\hello_world\..\..\ #
#                    ..\src\cpu\" -I "C:\Documents and                        #
#                    Settings\kk\桌面\kinetis_sc\build\iar\hello_world\..\..\ #
#                    ..\src\cpu\headers\" -I "C:\Documents and                #
#                    Settings\kk\桌面\kinetis_sc\build\iar\hello_world\..\..\ #
#                    ..\src\drivers\uart\" -I "C:\Documents and               #
#                    Settings\kk\桌面\kinetis_sc\build\iar\hello_world\..\..\ #
#                    ..\src\drivers\mcg\" -I "C:\Documents and                #
#                    Settings\kk\桌面\kinetis_sc\build\iar\hello_world\..\..\ #
#                    ..\src\drivers\wdog\" -I "C:\Documents and               #
#                    Settings\kk\桌面\kinetis_sc\build\iar\hello_world\..\..\ #
#                    ..\src\drivers\rcm\" -I "C:\Documents and                #
#                    Settings\kk\桌面\kinetis_sc\build\iar\hello_world\..\..\ #
#                    ..\src\drivers\rtc\" -I "C:\Documents and                #
#                    Settings\kk\桌面\kinetis_sc\build\iar\hello_world\..\..\ #
#                    ..\src\drivers\smc\" -I "C:\Documents and                #
#                    Settings\kk\桌面\kinetis_sc\build\iar\hello_world\..\..\ #
#                    ..\src\drivers\llwu\" -I "C:\Documents and               #
#                    Settings\kk\桌面\kinetis_sc\build\iar\hello_world\..\..\ #
#                    ..\src\drivers\lptmr\" -I "C:\Documents and              #
#                    Settings\kk\桌面\kinetis_sc\build\iar\hello_world\..\..\ #
#                    ..\src\drivers\pmc\" -I "C:\Documents and                #
#                    Settings\kk\桌面\kinetis_sc\build\iar\hello_world\..\..\ #
#                    ..\src\platforms\" -I "C:\Documents and                  #
#                    Settings\kk\桌面\kinetis_sc\build\iar\hello_world\..\"   #
#                    -On --ropi --use_c++_inline -I "C:\Program Files\IAR     #
#                    Systems\Embedded Workbench 6.4                           #
#                    Evaluation\arm\CMSIS\Include\" -D ARM_MATH_CM4           #
#    List file    =  C:\Documents and Settings\kk\桌面\kinetis_sc\build\iar\h #
#                    ello_world\FLASH_128KB_PFLASH\List\wdog.lst              #
#    Object file  =  C:\Documents and Settings\kk\桌面\kinetis_sc\build\iar\h #
#                    ello_world\FLASH_128KB_PFLASH\Obj\wdog.o                 #
#                                                                             #
#                                                                             #
###############################################################################

C:\Documents and Settings\kk\桌面\kinetis_sc\src\drivers\wdog\wdog.c
      1          /*
      2           * File:        wdog.c
      3           * Purpose:     Provide common watchdog module routines
      4           *
      5           * Notes:		Need to add more functionality. Right now it
      6           * 				is just a disable routine since we know almost
      7           * 				all projects will need that.       
      8           *              
      9           */
     10          
     11          #include "common.h"
     12          #include "wdog.h"
     13                 
     14          /********************************************************************/
     15          /*
     16           * Watchdog timer disable routine
     17           *
     18           * Parameters:
     19           * none
     20           */
     21          void wdog_disable(void)
     22          {
     23          	/* First unlock the watchdog so that we can write to registers */
     24          	wdog_unlock();
     25          	
     26          	/* Clear the WDOGEN bit to disable the watchdog */
     27          	WDOG_STCTRLH &= ~WDOG_STCTRLH_WDOGEN_MASK;
     28          }
     29          /********************************************************************/
     30          /*
     31           * Watchdog timer unlock routine. Writing 0xC520 followed by 0xD928
     32           * will unlock the write once registers in the WDOG so they are writable
     33           * within the WCT period.
     34           *
     35           * Parameters:
     36           * none
     37           */
     38          void wdog_unlock(void)
     39          {
     40            /* NOTE: DO NOT SINGLE STEP THROUGH THIS FUNCTION!!! */
     41            /* There are timing requirements for the execution of the unlock. If
     42             * you single step through the code you will cause the CPU to reset.
     43             */
     44          
     45          	/* This sequence must execute within 20 clock cycles, so disable
     46                   * interrupts will keep the code atomic and ensure the timing.
     47                   */
     48                  DisableInterrupts;
     49          	
     50          	/* Write 0xC520 to the unlock register */
     51          	WDOG_UNLOCK = 0xC520;
     52          	
     53          	/* Followed by 0xD928 to complete the unlock */
     54          	WDOG_UNLOCK = 0xD928;
     55          	
     56          	/* Re-enable interrupts now that we are done */	
     57                 	EnableInterrupts;
     58          }
     59          /********************************************************************/

Errors: 1
Warnings: none
