###############################################################################
#                                                                             #
#     IAR Assembler V6.30.1.53127/W32 for ARM 22/Sep/2012  17:17:12           #
#     Copyright 1999-2011 IAR Systems AB.                                     #
#                                                                             #
#           Source file   =  F:\svn_server\kinetis_sc\src\cpu\crt0.s          #
#           List file     =  F:\svn_server\kinetis_sc\build\iar\hello_world\FLASH_128KB\List\crt0.lst#
#           Object file   =  F:\svn_server\kinetis_sc\build\iar\hello_world\FLASH_128KB\Obj\crt0.o#
#           Command line  =  F:\svn_server\kinetis_sc\src\cpu\crt0.s          #
#                            -OF:\svn_server\kinetis_sc\build\iar\hello_world\FLASH_128KB\Obj\ #
#                            -s+ -M<> -w+ -r                                  #
#                            -LF:\svn_server\kinetis_sc\build\iar\hello_world\FLASH_128KB\List\ #
#                            -t8 --cpu Cortex-M4 --fpu None                   #
#                                                                             #
###############################################################################

    1                           /*
    2                            * File:        crt0.s
    3                            * Purpose:     Lowest level routines for
                                 Kinetis.
    4                            *
    5                            * Notes:       
    6                            *
    7                            */
    8                           
    9                           
   10                           ;         AREA   Crt0, CODE, READONLY      ;
                                 name this block of code
   11                             SECTION .noinit : CODE
   12                           
   13                                   EXPORT  __startup
   14                           __startup
   15    00000000 4FF00000              MOV     r0,#0                   ;
                                                    Initialize the GPRs
   16    00000004 4FF00001              MOV     r1,#0
   17    00000008 4FF00002              MOV     r2,#0
   18    0000000C 4FF00003              MOV     r3,#0
   19    00000010 4FF00004              MOV     r4,#0
   20    00000014 4FF00005              MOV     r5,#0
   21    00000018 4FF00006              MOV     r6,#0
   22    0000001C 4FF00007              MOV     r7,#0
   23    00000020 62B6                  CPSIE   i                       ;
                                                                         Unmask
                                                                         interr
                                                                        upts
   24                                   import start
   25    00000022 ........               BL      start                  ; call
                                                                         the C
                                                                         code
   26                           __done
   27    00000026 FEE7                  B       __done
   28                           
   29                                   END
##############################
#           CRC:0            #
#        Errors:   0         #
#        Warnings: 0         #
#         Bytes: 40          #
##############################



